{"/Users/zheeeng/Workspace/omnistate/packages/context/src/utils/capitalize.ts": {"path":"/Users/zheeeng/Workspace/omnistate/packages/context/src/utils/capitalize.ts","statementMap":{"0":{"start":{"line":2,"column":4},"end":{"line":2,"column":null}},"1":{"start":{"line":1,"column":0},"end":{"line":1,"column":16}}},"fnMap":{"0":{"name":"capitalize","decl":{"start":{"line":1,"column":16},"end":{"line":1,"column":26}},"loc":{"start":{"line":1,"column":39},"end":{"line":3,"column":1}}}},"branchMap":{},"s":{"0":12,"1":1},"f":{"0":12},"b":{}}
,"/Users/zheeeng/Workspace/omnistate/packages/context/src/utils/dedent.ts": {"path":"/Users/zheeeng/Workspace/omnistate/packages/context/src/utils/dedent.ts","statementMap":{"0":{"start":{"line":2,"column":34},"end":{"line":2,"column":57}},"1":{"start":{"line":3,"column":33},"end":{"line":3,"column":73}},"2":{"start":{"line":4,"column":18},"end":{"line":4,"column":50}},"3":{"start":{"line":5,"column":22},"end":{"line":5,"column":103}},"4":{"start":{"line":5,"column":55},"end":{"line":5,"column":66}},"5":{"start":{"line":5,"column":80},"end":{"line":5,"column":101}},"6":{"start":{"line":7,"column":29},"end":{"line":7,"column":63}},"7":{"start":{"line":8,"column":23},"end":{"line":8,"column":63}},"8":{"start":{"line":10,"column":4},"end":{"line":10,"column":null}},"9":{"start":{"line":10,"column":29},"end":{"line":10,"column":92}},"10":{"start":{"line":1,"column":0},"end":{"line":1,"column":16}}},"fnMap":{"0":{"name":"dedent","decl":{"start":{"line":1,"column":16},"end":{"line":1,"column":22}},"loc":{"start":{"line":1,"column":57},"end":{"line":11,"column":1}}},"1":{"name":"(anonymous_1)","decl":{"start":{"line":5,"column":47},"end":{"line":5,"column":51}},"loc":{"start":{"line":5,"column":55},"end":{"line":5,"column":66}}},"2":{"name":"(anonymous_2)","decl":{"start":{"line":5,"column":72},"end":{"line":5,"column":76}},"loc":{"start":{"line":5,"column":80},"end":{"line":5,"column":101}}},"3":{"name":"(anonymous_3)","decl":{"start":{"line":10,"column":21},"end":{"line":10,"column":25}},"loc":{"start":{"line":10,"column":29},"end":{"line":10,"column":92}}}},"branchMap":{"0":{"loc":{"start":{"line":1,"column":38},"end":{"line":1,"column":57}},"type":"default-arg","locations":[{"start":{"line":1,"column":56},"end":{"line":1,"column":57}}]},"1":{"loc":{"start":{"line":10,"column":29},"end":{"line":10,"column":92}},"type":"cond-expr","locations":[{"start":{"line":10,"column":43},"end":{"line":10,"column":47}},{"start":{"line":10,"column":50},"end":{"line":10,"column":92}}]}},"s":{"0":42,"1":42,"2":42,"3":42,"4":135,"5":125,"6":42,"7":42,"8":42,"9":135,"10":1},"f":{"0":42,"1":135,"2":125,"3":135},"b":{"0":[16],"1":[10,125]}}
,"/Users/zheeeng/Workspace/omnistate/packages/reactive/src/derive.ts": {"path":"/Users/zheeeng/Workspace/omnistate/packages/reactive/src/derive.ts","statementMap":{"0":{"start":{"line":1,"column":28},"end":{"line":1,"column":75}},"1":{"start":{"line":3,"column":22},"end":{"line":11,"column":1}},"2":{"start":{"line":6,"column":20},"end":{"line":6,"column":48}},"3":{"start":{"line":8,"column":4},"end":{"line":8,"column":null}},"4":{"start":{"line":10,"column":4},"end":{"line":10,"column":null}},"5":{"start":{"line":3,"column":13},"end":{"line":3,"column":22}},"6":{"start":{"line":13,"column":21},"end":{"line":23,"column":1}},"7":{"start":{"line":14,"column":23},"end":{"line":14,"column":66}},"8":{"start":{"line":16,"column":4},"end":{"line":22,"column":null}},"9":{"start":{"line":18,"column":12},"end":{"line":18,"column":null}},"10":{"start":{"line":19,"column":12},"end":{"line":19,"column":null}},"11":{"start":{"line":13,"column":13},"end":{"line":13,"column":21}}},"fnMap":{"0":{"name":"(anonymous_0)","decl":{"start":{"line":3,"column":22},"end":{"line":3,"column":null}},"loc":{"start":{"line":5,"column":7},"end":{"line":11,"column":1}}},"1":{"name":"(anonymous_1)","decl":{"start":{"line":13,"column":21},"end":{"line":13,"column":57}},"loc":{"start":{"line":13,"column":74},"end":{"line":23,"column":1}}},"2":{"name":"(anonymous_2)","decl":{"start":{"line":17,"column":8},"end":{"line":17,"column":9}},"loc":{"start":{"line":17,"column":39},"end":{"line":20,"column":9}}}},"branchMap":{"0":{"loc":{"start":{"line":14,"column":23},"end":{"line":14,"column":66}},"type":"cond-expr","locations":[{"start":{"line":14,"column":55},"end":{"line":14,"column":59}},{"start":{"line":14,"column":59},"end":{"line":14,"column":66}}]},"1":{"loc":{"start":{"line":14,"column":23},"end":{"line":14,"column":59}},"type":"binary-expr","locations":[{"start":{"line":14,"column":23},"end":{"line":14,"column":59}},{"start":{"line":14,"column":55},"end":{"line":14,"column":59}}]}},"s":{"0":1,"1":1,"2":1,"3":1,"4":1,"5":1,"6":1,"7":0,"8":0,"9":0,"10":0,"11":1},"f":{"0":1,"1":0,"2":0},"b":{"0":[0,0],"1":[0,0]}}
}
