TN:
SF:packages/context/src/utils/capitalize.ts
FN:1,capitalize
FNF:1
FNH:1
FNDA:12,capitalize
DA:1,1
DA:2,12
LF:2
LH:2
BRF:0
BRH:0
end_of_record
TN:
SF:packages/context/src/utils/dedent.ts
FN:1,dedent
FN:5,(anonymous_1)
FN:5,(anonymous_2)
FN:10,(anonymous_3)
FNF:4
FNH:4
FNDA:42,dedent
FNDA:135,(anonymous_1)
FNDA:125,(anonymous_2)
FNDA:135,(anonymous_3)
DA:1,1
DA:2,42
DA:3,42
DA:4,42
DA:5,135
DA:7,42
DA:8,42
DA:10,135
LF:8
LH:8
BRDA:1,0,0,16
BRDA:10,1,0,10
BRDA:10,1,1,125
BRF:3
BRH:3
end_of_record
TN:
SF:packages/reactive/src/derive.ts
FN:3,(anonymous_0)
FN:13,(anonymous_1)
FN:17,(anonymous_2)
FNF:3
FNH:1
FNDA:1,(anonymous_0)
FNDA:0,(anonymous_1)
FNDA:0,(anonymous_2)
DA:1,1
DA:3,1
DA:6,1
DA:8,1
DA:10,1
DA:13,1
DA:14,0
DA:16,0
DA:18,0
DA:19,0
LF:10
LH:6
BRDA:14,0,0,0
BRDA:14,0,1,0
BRDA:14,1,0,0
BRDA:14,1,1,0
BRF:4
BRH:0
end_of_record
